  Imagedata.cpp
g:\569\homework\hw4\code\homework4\homework4\imagedata.cpp(194): warning C4267: “初始化”: 从“size_t”转换到“int”，可能丢失数据
g:\569\homework\hw4\code\homework4\homework4\imagedata.cpp(195): warning C4267: “初始化”: 从“size_t”转换到“int”，可能丢失数据
g:\569\homework\hw4\code\homework4\homework4\imagedata.cpp(258): warning C4267: “初始化”: 从“size_t”转换到“int”，可能丢失数据
g:\569\homework\hw4\code\homework4\homework4\imagedata.cpp(259): warning C4267: “初始化”: 从“size_t”转换到“int”，可能丢失数据
g:\569\homework\hw4\code\homework4\homework4\imagedata.cpp(418): warning C4244: “=”: 从“double”转换到“_Ty”，可能丢失数据
          with
          [
              _Ty=unsigned char
          ]
g:\569\homework\hw4\code\homework4\homework4\imagedata.cpp(519): warning C4554: “&”: 检查运算符优先级是否存在的可能的错误；使用括号阐明优先级
g:\569\homework\hw4\code\homework4\homework4\imagedata.cpp(640): warning C4554: “&”: 检查运算符优先级是否存在的可能的错误；使用括号阐明优先级
g:\569\homework\hw4\code\homework4\homework4\imagedata.cpp(750): warning C4554: “&”: 检查运算符优先级是否存在的可能的错误；使用括号阐明优先级
g:\569\homework\hw4\code\homework4\homework4\imagedata.cpp(1081): warning C4267: “return”: 从“size_t”转换到“int”，可能丢失数据
g:\569\homework\hw4\code\homework4\homework4\imagedata.cpp(1252): warning C4244: “参数”: 从“double”转换到“int”，可能丢失数据
g:\569\homework\hw4\code\homework4\homework4\imagedata.cpp(1258): warning C4244: “参数”: 从“double”转换到“const unsigned __int64”，可能丢失数据
g:\569\homework\hw4\code\homework4\homework4\imagedata.cpp(1298): warning C4244: “参数”: 从“double”转换到“const unsigned __int64”，可能丢失数据
g:\569\homework\hw4\code\homework4\homework4\imagedata.cpp(1299): warning C4244: “参数”: 从“double”转换到“const unsigned __int64”，可能丢失数据
g:\569\homework\hw4\code\homework4\homework4\imagedata.cpp(1314): warning C4244: “参数”: 从“double”转换到“const unsigned __int64”，可能丢失数据
g:\569\homework\hw4\code\homework4\homework4\imagedata.cpp(1314): warning C4244: “=”: 从“double”转换到“_Ty”，可能丢失数据
          with
          [
              _Ty=unsigned char
          ]
g:\569\homework\hw4\code\homework4\homework4\imagedata.cpp(1317): warning C4244: “参数”: 从“double”转换到“const unsigned __int64”，可能丢失数据
g:\569\homework\hw4\code\homework4\homework4\imagedata.cpp(1317): warning C4244: “=”: 从“double”转换到“_Ty”，可能丢失数据
          with
          [
              _Ty=unsigned char
          ]
g:\569\homework\hw4\code\homework4\homework4\imagedata.cpp(1320): warning C4244: “参数”: 从“double”转换到“const unsigned __int64”，可能丢失数据
g:\569\homework\hw4\code\homework4\homework4\imagedata.cpp(1320): warning C4244: “=”: 从“double”转换到“_Ty”，可能丢失数据
          with
          [
              _Ty=unsigned char
          ]
g:\569\homework\hw4\code\homework4\homework4\imagedata.cpp(1323): warning C4244: “参数”: 从“double”转换到“const unsigned __int64”，可能丢失数据
g:\569\homework\hw4\code\homework4\homework4\imagedata.cpp(1323): warning C4244: “=”: 从“double”转换到“_Ty”，可能丢失数据
          with
          [
              _Ty=unsigned char
          ]
g:\569\homework\hw4\code\homework4\homework4\imagedata.cpp(1503): warning C4244: “参数”: 从“double”转换到“const unsigned __int64”，可能丢失数据
g:\569\homework\hw4\code\homework4\homework4\imagedata.cpp(1531): warning C4244: “参数”: 从“double”转换到“const unsigned __int64”，可能丢失数据
g:\569\homework\hw4\code\homework4\homework4\imagedata.cpp(314): warning C4715: “Imagedata::Save_double”: 不是所有的控件路径都返回值
  Homework4.vcxproj -> G:\569\Homework\HW4\Code\Homework4\x64\Debug\Homework4.exe
